2015-07-21 14:52:26 [127.0.0.1][-][-][error][yii\base\UnknownPropertyException] exception 'yii\base\UnknownPropertyException' with message 'Setting unknown property: yii\db\Connection::amqp' in /opt/lampp/htdocs/advanced/vendor/yiisoft/yii2/base/Component.php:197
Stack trace:
#0 /opt/lampp/htdocs/advanced/vendor/yiisoft/yii2/BaseYii.php(518): yii\base\Component->__set('amqp', Array)
#1 /opt/lampp/htdocs/advanced/vendor/yiisoft/yii2/base/Object.php(105): yii\BaseYii::configure(Object(yii\db\Connection), Array)
#2 [internal function]: yii\base\Object->__construct(Array)
#3 /opt/lampp/htdocs/advanced/vendor/yiisoft/yii2/di/Container.php(372): ReflectionClass->newInstanceArgs(Array)
#4 /opt/lampp/htdocs/advanced/vendor/yiisoft/yii2/di/Container.php(151): yii\di\Container->build('yii\\db\\Connecti...', Array, Array)
#5 /opt/lampp/htdocs/advanced/vendor/yiisoft/yii2/BaseYii.php(344): yii\di\Container->get('yii\\db\\Connecti...', Array, Array)
#6 /opt/lampp/htdocs/advanced/vendor/yiisoft/yii2/di/ServiceLocator.php(133): yii\BaseYii::createObject(Array)
#7 /opt/lampp/htdocs/advanced/vendor/yiisoft/yii2/base/Application.php(491): yii\di\ServiceLocator->get('db')
#8 /opt/lampp/htdocs/advanced/vendor/yiisoft/yii2/db/ActiveRecord.php(133): yii\base\Application->getDb()
#9 /opt/lampp/htdocs/advanced/vendor/yiisoft/yii2/db/ActiveQuery.php(305): yii\db\ActiveRecord::getDb()
#10 /opt/lampp/htdocs/advanced/vendor/yiisoft/yii2/db/Query.php(243): yii\db\ActiveQuery->createCommand(NULL)
#11 /opt/lampp/htdocs/advanced/vendor/yiisoft/yii2/db/ActiveQuery.php(285): yii\db\Query->one(NULL)
#12 /opt/lampp/htdocs/advanced/vendor/yiisoft/yii2/db/BaseActiveRecord.php(101): yii\db\ActiveQuery->one()
#13 /opt/lampp/htdocs/advanced/common/models/User.php(63): yii\db\BaseActiveRecord::findOne(Array)
#14 /opt/lampp/htdocs/advanced/vendor/yiisoft/yii2/web/User.php(614): common\models\User::findIdentity(1)
#15 /opt/lampp/htdocs/advanced/vendor/yiisoft/yii2/web/User.php(176): yii\web\User->renewAuthStatus()
#16 /opt/lampp/htdocs/advanced/vendor/yiisoft/yii2/web/User.php(346): yii\web\User->getIdentity()
#17 /opt/lampp/htdocs/advanced/vendor/yiisoft/yii2/filters/AccessRule.php(149): yii\web\User->getIsGuest()
#18 /opt/lampp/htdocs/advanced/vendor/yiisoft/yii2/filters/AccessRule.php(104): yii\filters\AccessRule->matchRole(Object(yii\web\User))
#19 /opt/lampp/htdocs/advanced/vendor/yiisoft/yii2/filters/AccessControl.php(118): yii\filters\AccessRule->allows(Object(yii\base\InlineAction), Object(yii\web\User), Object(yii\web\Request))
#20 /opt/lampp/htdocs/advanced/vendor/yiisoft/yii2/base/ActionFilter.php(71): yii\filters\AccessControl->beforeAction(Object(yii\base\InlineAction))
#21 [internal function]: yii\base\ActionFilter->beforeFilter(Object(yii\base\ActionEvent))
#22 /opt/lampp/htdocs/advanced/vendor/yiisoft/yii2/base/Component.php(541): call_user_func(Array, Object(yii\base\ActionEvent))
#23 /opt/lampp/htdocs/advanced/vendor/yiisoft/yii2/base/Controller.php(263): yii\base\Component->trigger('beforeAction', Object(yii\base\ActionEvent))
#24 /opt/lampp/htdocs/advanced/vendor/yiisoft/yii2/web/Controller.php(108): yii\base\Controller->beforeAction(Object(yii\base\InlineAction))
#25 /opt/lampp/htdocs/advanced/vendor/yiisoft/yii2/base/Controller.php(149): yii\web\Controller->beforeAction(Object(yii\base\InlineAction))
#26 /opt/lampp/htdocs/advanced/vendor/yiisoft/yii2/base/Module.php(455): yii\base\Controller->runAction('', Array)
#27 /opt/lampp/htdocs/advanced/vendor/yiisoft/yii2/web/Application.php(84): yii\base\Module->runAction('', Array)
#28 /opt/lampp/htdocs/advanced/vendor/yiisoft/yii2/base/Application.php(375): yii\web\Application->handleRequest(Object(yii\web\Request))
#29 /opt/lampp/htdocs/advanced/backend/web/index.php(18): yii\base\Application->run()
#30 {main}
2015-07-21 14:52:26 [127.0.0.1][-][-][info][application] $_COOKIE = [
    'tour_current_step_0' => '0'
    '_ga' => 'GA1.1.1725702276.1435831982'
    '_csrf' => '4d86bbec39ca952d6765db6e40d3ac1120a0c293b1afcc4934d97cfd3818dac0a:2:{i:0;s:5:\"_csrf\";i:1;s:32:\"ZlVEGpRYt-iRbNZwngMSP4Q-T1m7SvWV\";}'
    'PHPSESSID' => 'e05nhd7gr4nivqf77e7easfrh4'
    '_identity' => '4affeabe92fdc875e5fe1d8939855ceb675d209ecd13e1b97493c68f8def392da:2:{i:0;s:9:\"_identity\";i:1;s:46:\"[1,\"QM_YHyooBW6rJfDElKGzZ6Mq2MqGQSjq\",2592000]\";}'
]

$_SESSION = [
    '__flash' => []
    '__id' => 1
]

$_SERVER = [
    'UNIQUE_ID' => 'Va5Ain8AAQEAAA5ZSMUAAAAB'
    'HTTP_HOST' => 'localhost'
    'HTTP_CONNECTION' => 'keep-alive'
    'HTTP_ACCEPT' => 'text/html,application/xhtml+xml,application/xml;q=0.9,image/webp,*/*;q=0.8'
    'HTTP_USER_AGENT' => 'Mozilla/5.0 (X11; Linux x86_64) AppleWebKit/537.36 (KHTML, like Gecko) Chrome/43.0.2357.134 Safari/537.36'
    'HTTP_ACCEPT_ENCODING' => 'gzip, deflate, sdch'
    'HTTP_ACCEPT_LANGUAGE' => 'en-US,en;q=0.8,it;q=0.6'
    'HTTP_COOKIE' => 'tour_current_step_0=0; _ga=GA1.1.1725702276.1435831982; _csrf=4d86bbec39ca952d6765db6e40d3ac1120a0c293b1afcc4934d97cfd3818dac0a%3A2%3A%7Bi%3A0%3Bs%3A5%3A%22_csrf%22%3Bi%3A1%3Bs%3A32%3A%22ZlVEGpRYt-iRbNZwngMSP4Q-T1m7SvWV%22%3B%7D; PHPSESSID=e05nhd7gr4nivqf77e7easfrh4; _identity=4affeabe92fdc875e5fe1d8939855ceb675d209ecd13e1b97493c68f8def392da%3A2%3A%7Bi%3A0%3Bs%3A9%3A%22_identity%22%3Bi%3A1%3Bs%3A46%3A%22%5B1%2C%22QM_YHyooBW6rJfDElKGzZ6Mq2MqGQSjq%22%2C2592000%5D%22%3B%7D'
    'PATH' => '/usr/local/sbin:/usr/local/bin:/usr/sbin:/usr/bin:/sbin:/bin'
    'LD_LIBRARY_PATH' => '/opt/lampp/lib:/opt/lampp/lib'
    'SERVER_SIGNATURE' => ''
    'SERVER_SOFTWARE' => 'Apache/2.4.12 (Unix) OpenSSL/1.0.1m PHP/5.6.8 mod_perl/2.0.8-dev Perl/v5.16.3'
    'SERVER_NAME' => 'localhost'
    'SERVER_ADDR' => '127.0.0.1'
    'SERVER_PORT' => '80'
    'REMOTE_ADDR' => '127.0.0.1'
    'DOCUMENT_ROOT' => '/opt/lampp/htdocs'
    'REQUEST_SCHEME' => 'http'
    'CONTEXT_PREFIX' => ''
    'CONTEXT_DOCUMENT_ROOT' => '/opt/lampp/htdocs'
    'SERVER_ADMIN' => 'you@example.com'
    'SCRIPT_FILENAME' => '/opt/lampp/htdocs/advanced/backend/web/index.php'
    'REMOTE_PORT' => '40135'
    'GATEWAY_INTERFACE' => 'CGI/1.1'
    'SERVER_PROTOCOL' => 'HTTP/1.1'
    'REQUEST_METHOD' => 'GET'
    'QUERY_STRING' => ''
    'REQUEST_URI' => '/advanced/backend/web/'
    'SCRIPT_NAME' => '/advanced/backend/web/index.php'
    'PHP_SELF' => '/advanced/backend/web/index.php'
    'REQUEST_TIME_FLOAT' => 1437483146.147
    'REQUEST_TIME' => 1437483146
]
